[debug] [2019-03-21T04:43:44.405Z] ----------------------------------------------------------------------
[debug] [2019-03-21T04:43:44.409Z] Command:       C:\Program Files\nodejs\node.exe C:\Users\jawwad\AppData\Roaming\npm\node_modules\firebase-tools\lib\bin\firebase.js deploy --only functions
[debug] [2019-03-21T04:43:44.409Z] CLI Version:   6.5.0
[debug] [2019-03-21T04:43:44.409Z] Platform:      win32
[debug] [2019-03-21T04:43:44.409Z] Node Version:  v10.15.0
[debug] [2019-03-21T04:43:44.411Z] Time:          Wed Mar 20 2019 21:43:44 GMT-0700 (Pacific Daylight Time)
[debug] [2019-03-21T04:43:44.411Z] ----------------------------------------------------------------------
[debug] 
[debug] [2019-03-21T04:43:44.427Z] > command requires scopes: ["email","openid","https://www.googleapis.com/auth/cloudplatformprojects.readonly","https://www.googleapis.com/auth/firebase","https://www.googleapis.com/auth/cloud-platform"]
[debug] [2019-03-21T04:43:44.429Z] > authorizing via signed-in user
[debug] [2019-03-21T04:43:44.429Z] [iam] checking project projectapp-5adcd for permissions ["cloudfunctions.functions.create","cloudfunctions.functions.delete","cloudfunctions.functions.get","cloudfunctions.functions.list","cloudfunctions.functions.update","cloudfunctions.operations.get","firebase.projects.get"]
[debug] [2019-03-21T04:43:44.432Z] >>> HTTP REQUEST POST https://cloudresourcemanager.googleapis.com/v1/projects/projectapp-5adcd:testIamPermissions  

[debug] [2019-03-21T04:43:47.187Z] <<< HTTP RESPONSE 200
[info] 
[info] === Deploying to 'projectapp-5adcd'...
[info] 
[info] i  deploying functions
[debug] [2019-03-21T04:43:51.798Z] > [functions] package.json contents: {
  "name": "functions",
  "description": "Cloud Functions for Firebase",
  "scripts": {
    "serve": "firebase serve --only functions",
    "shell": "firebase functions:shell",
    "start": "npm run shell",
    "deploy": "firebase deploy --only functions",
    "logs": "firebase functions:log"
  },
  "dependencies": {
    "firebase-admin": "~7.0.0",
    "firebase-functions": "^2.2.0"
  },
  "private": true
}
[info] i  functions: ensuring necessary APIs are enabled...
[debug] [2019-03-21T04:43:51.801Z] >>> HTTP REQUEST GET https://servicemanagement.googleapis.com/v1/services/cloudfunctions.googleapis.com/projectSettings/projectapp-5adcd?view=CONSUMER_VIEW  
 
[debug] [2019-03-21T04:43:51.802Z] >>> HTTP REQUEST GET https://servicemanagement.googleapis.com/v1/services/runtimeconfig.googleapis.com/projectSettings/projectapp-5adcd?view=CONSUMER_VIEW  
 
[debug] [2019-03-21T04:43:55.030Z] <<< HTTP RESPONSE 200
[debug] [2019-03-21T04:43:56.415Z] <<< HTTP RESPONSE 200
[info] +  functions: all necessary APIs are enabled
[debug] [2019-03-21T04:43:56.417Z] >>> HTTP REQUEST GET https://cloudresourcemanager.googleapis.com/v1/projects/projectapp-5adcd  
 
[debug] [2019-03-21T04:43:58.580Z] <<< HTTP RESPONSE 200
[debug] [2019-03-21T04:43:58.581Z] >>> HTTP REQUEST GET https://mobilesdk-pa.googleapis.com/v1/projects/1025926909757:getServerAppConfig  
 
[debug] [2019-03-21T04:43:59.080Z] <<< HTTP RESPONSE 200
[info] i  functions: preparing functions directory for uploading...
[debug] [2019-03-21T04:43:59.087Z] >>> HTTP REQUEST GET https://runtimeconfig.googleapis.com/v1beta1/projects/projectapp-5adcd/configs  
 
[debug] [2019-03-21T04:44:01.363Z] <<< HTTP RESPONSE 200
[info] i  functions: packaged functions (25.54 KB) for uploading
[debug] [2019-03-21T04:44:01.821Z] >>> HTTP REQUEST POST https://cloudfunctions.googleapis.com/v1/projects/projectapp-5adcd/locations/us-central1/functions:generateUploadUrl  
 
[debug] [2019-03-21T04:44:37.401Z] <<< HTTP RESPONSE 200
[debug] [2019-03-21T04:44:37.402Z] >>> HTTP REQUEST PUT https://storage.googleapis.com/gcf-upload-us-central1-9212e1e9-e327-492a-90ca-4ad6493dc19c/6fbb715d-80f4-424d-98df-304990c4d4a4.zip?GoogleAccessId=service-1025926909757@gcf-admin-robot.iam.gserviceaccount.com&Expires=1553098478&Signature=bV5Fx1ElpDcmApJ%2FOF8xQz%2FkpRRWfVKMkzKBETH2XN4QYk%2BCv65vBGuTE4igt4ApdjNC1EmIp48nb%2BdNehgD7%2BlCnzD3%2Bn3fDRFnU2T2N72i1QTBQXn8nOjZJXsnGJesAF65zdal3XWRhi7%2FaeBgRzAOaMjMpPnqYPDU%2FKFVbhWrbDTx0JuMcYCVvNK69o%2FDVFhfvE0fXs7%2BfPkHYUumc7QowhcmArwB4EZ%2BteaG1e5hyDeD7K8sAjAFC9MxIZ1591fwF9eaYyJo9rWeCwUWQVLxQaFRQs8ygd%2BDwapTDWU8Bz8zBKcezZnlmNkDSPVK6t6uuTNoLimkicmvGu%2FjBw%3D%3D  

[debug] [2019-03-21T04:44:38.305Z] <<< HTTP RESPONSE 200
[info] +  functions: functions folder uploaded successfully
[debug] [2019-03-21T04:44:38.307Z] >>> HTTP REQUEST GET https://cloudfunctions.googleapis.com/v1/projects/projectapp-5adcd/locations/-/functions  
 
[debug] [2019-03-21T04:44:38.844Z] <<< HTTP RESPONSE 200
[info] i  functions: creating Node.js 6 function helloWorld(us-central1)...
[debug] [2019-03-21T04:44:38.847Z] Trigger is:  {"httpsTrigger":{}}
[debug] [2019-03-21T04:44:38.849Z] >>> HTTP REQUEST POST https://cloudfunctions.googleapis.com/v1/projects/projectapp-5adcd/locations/us-central1/functions  

[debug] [2019-03-21T04:44:39.501Z] <<< HTTP RESPONSE 200
[debug] [2019-03-21T04:44:39.504Z] >>> HTTP REQUEST GET https://cloudfunctions.googleapis.com/v1/projects/projectapp-5adcd/locations/-/functions  
 
[debug] [2019-03-21T04:44:40.035Z] <<< HTTP RESPONSE 200
[debug] [2019-03-21T04:44:40.037Z] >>> HTTP REQUEST GET https://cloudfunctions.googleapis.com/v1/operations/cHJvamVjdGFwcC01YWRjZC91cy1jZW50cmFsMS9oZWxsb1dvcmxkL211aFkzV0JMZ1k4  
 
[debug] [2019-03-21T04:44:40.413Z] <<< HTTP RESPONSE 200
[debug] [2019-03-21T04:44:42.415Z] >>> HTTP REQUEST GET https://cloudfunctions.googleapis.com/v1/operations/cHJvamVjdGFwcC01YWRjZC91cy1jZW50cmFsMS9oZWxsb1dvcmxkL211aFkzV0JMZ1k4  
 
[debug] [2019-03-21T04:44:42.798Z] <<< HTTP RESPONSE 200
[debug] [2019-03-21T04:44:44.799Z] >>> HTTP REQUEST GET https://cloudfunctions.googleapis.com/v1/operations/cHJvamVjdGFwcC01YWRjZC91cy1jZW50cmFsMS9oZWxsb1dvcmxkL211aFkzV0JMZ1k4  
 
[debug] [2019-03-21T04:44:45.122Z] <<< HTTP RESPONSE 200
[debug] [2019-03-21T04:44:47.123Z] >>> HTTP REQUEST GET https://cloudfunctions.googleapis.com/v1/operations/cHJvamVjdGFwcC01YWRjZC91cy1jZW50cmFsMS9oZWxsb1dvcmxkL211aFkzV0JMZ1k4  
 
[debug] [2019-03-21T04:44:47.464Z] <<< HTTP RESPONSE 200
[debug] [2019-03-21T04:44:49.466Z] >>> HTTP REQUEST GET https://cloudfunctions.googleapis.com/v1/operations/cHJvamVjdGFwcC01YWRjZC91cy1jZW50cmFsMS9oZWxsb1dvcmxkL211aFkzV0JMZ1k4  
 
[debug] [2019-03-21T04:44:49.838Z] <<< HTTP RESPONSE 200
[debug] [2019-03-21T04:44:51.841Z] >>> HTTP REQUEST GET https://cloudfunctions.googleapis.com/v1/operations/cHJvamVjdGFwcC01YWRjZC91cy1jZW50cmFsMS9oZWxsb1dvcmxkL211aFkzV0JMZ1k4  
 
[debug] [2019-03-21T04:44:52.191Z] <<< HTTP RESPONSE 200
[debug] [2019-03-21T04:44:54.192Z] >>> HTTP REQUEST GET https://cloudfunctions.googleapis.com/v1/operations/cHJvamVjdGFwcC01YWRjZC91cy1jZW50cmFsMS9oZWxsb1dvcmxkL211aFkzV0JMZ1k4  
 
[debug] [2019-03-21T04:44:54.525Z] <<< HTTP RESPONSE 200
[debug] [2019-03-21T04:44:56.527Z] >>> HTTP REQUEST GET https://cloudfunctions.googleapis.com/v1/operations/cHJvamVjdGFwcC01YWRjZC91cy1jZW50cmFsMS9oZWxsb1dvcmxkL211aFkzV0JMZ1k4  
 
[debug] [2019-03-21T04:44:57.032Z] <<< HTTP RESPONSE 200
[debug] [2019-03-21T04:44:59.033Z] >>> HTTP REQUEST GET https://cloudfunctions.googleapis.com/v1/operations/cHJvamVjdGFwcC01YWRjZC91cy1jZW50cmFsMS9oZWxsb1dvcmxkL211aFkzV0JMZ1k4  
 
[debug] [2019-03-21T04:44:59.372Z] <<< HTTP RESPONSE 200
[debug] [2019-03-21T04:45:01.373Z] >>> HTTP REQUEST GET https://cloudfunctions.googleapis.com/v1/operations/cHJvamVjdGFwcC01YWRjZC91cy1jZW50cmFsMS9oZWxsb1dvcmxkL211aFkzV0JMZ1k4  
 
[debug] [2019-03-21T04:45:01.690Z] <<< HTTP RESPONSE 200
[debug] [2019-03-21T04:45:03.690Z] >>> HTTP REQUEST GET https://cloudfunctions.googleapis.com/v1/operations/cHJvamVjdGFwcC01YWRjZC91cy1jZW50cmFsMS9oZWxsb1dvcmxkL211aFkzV0JMZ1k4  
 
[debug] [2019-03-21T04:45:04.043Z] <<< HTTP RESPONSE 200
[debug] [2019-03-21T04:45:06.044Z] >>> HTTP REQUEST GET https://cloudfunctions.googleapis.com/v1/operations/cHJvamVjdGFwcC01YWRjZC91cy1jZW50cmFsMS9oZWxsb1dvcmxkL211aFkzV0JMZ1k4  
 
[debug] [2019-03-21T04:45:06.382Z] <<< HTTP RESPONSE 200
[debug] [2019-03-21T04:45:08.384Z] >>> HTTP REQUEST GET https://cloudfunctions.googleapis.com/v1/operations/cHJvamVjdGFwcC01YWRjZC91cy1jZW50cmFsMS9oZWxsb1dvcmxkL211aFkzV0JMZ1k4  
 
[debug] [2019-03-21T04:45:08.839Z] <<< HTTP RESPONSE 200
[debug] [2019-03-21T04:45:10.841Z] >>> HTTP REQUEST GET https://cloudfunctions.googleapis.com/v1/operations/cHJvamVjdGFwcC01YWRjZC91cy1jZW50cmFsMS9oZWxsb1dvcmxkL211aFkzV0JMZ1k4  
 
[debug] [2019-03-21T04:45:11.183Z] <<< HTTP RESPONSE 200
[debug] [2019-03-21T04:45:13.184Z] >>> HTTP REQUEST GET https://cloudfunctions.googleapis.com/v1/operations/cHJvamVjdGFwcC01YWRjZC91cy1jZW50cmFsMS9oZWxsb1dvcmxkL211aFkzV0JMZ1k4  
 
[debug] [2019-03-21T04:45:13.549Z] <<< HTTP RESPONSE 200
[debug] [2019-03-21T04:45:15.551Z] >>> HTTP REQUEST GET https://cloudfunctions.googleapis.com/v1/operations/cHJvamVjdGFwcC01YWRjZC91cy1jZW50cmFsMS9oZWxsb1dvcmxkL211aFkzV0JMZ1k4  
 
[debug] [2019-03-21T04:45:15.884Z] <<< HTTP RESPONSE 200
[debug] [2019-03-21T04:45:17.891Z] >>> HTTP REQUEST GET https://cloudfunctions.googleapis.com/v1/operations/cHJvamVjdGFwcC01YWRjZC91cy1jZW50cmFsMS9oZWxsb1dvcmxkL211aFkzV0JMZ1k4  
 
[debug] [2019-03-21T04:45:18.239Z] <<< HTTP RESPONSE 200
[debug] [2019-03-21T04:45:20.239Z] >>> HTTP REQUEST GET https://cloudfunctions.googleapis.com/v1/operations/cHJvamVjdGFwcC01YWRjZC91cy1jZW50cmFsMS9oZWxsb1dvcmxkL211aFkzV0JMZ1k4  
 
[debug] [2019-03-21T04:45:20.577Z] <<< HTTP RESPONSE 200
[debug] [2019-03-21T04:45:22.577Z] >>> HTTP REQUEST GET https://cloudfunctions.googleapis.com/v1/operations/cHJvamVjdGFwcC01YWRjZC91cy1jZW50cmFsMS9oZWxsb1dvcmxkL211aFkzV0JMZ1k4  
 
[debug] [2019-03-21T04:45:22.911Z] <<< HTTP RESPONSE 200
[debug] [2019-03-21T04:45:24.913Z] >>> HTTP REQUEST GET https://cloudfunctions.googleapis.com/v1/operations/cHJvamVjdGFwcC01YWRjZC91cy1jZW50cmFsMS9oZWxsb1dvcmxkL211aFkzV0JMZ1k4  
 
[debug] [2019-03-21T04:45:25.661Z] <<< HTTP RESPONSE 200
[debug] [2019-03-21T04:45:27.662Z] >>> HTTP REQUEST GET https://cloudfunctions.googleapis.com/v1/operations/cHJvamVjdGFwcC01YWRjZC91cy1jZW50cmFsMS9oZWxsb1dvcmxkL211aFkzV0JMZ1k4  
 
[debug] [2019-03-21T04:45:28.021Z] <<< HTTP RESPONSE 200
[debug] [2019-03-21T04:45:30.022Z] >>> HTTP REQUEST GET https://cloudfunctions.googleapis.com/v1/operations/cHJvamVjdGFwcC01YWRjZC91cy1jZW50cmFsMS9oZWxsb1dvcmxkL211aFkzV0JMZ1k4  
 
[debug] [2019-03-21T04:45:30.592Z] <<< HTTP RESPONSE 200
[debug] [2019-03-21T04:45:32.594Z] >>> HTTP REQUEST GET https://cloudfunctions.googleapis.com/v1/operations/cHJvamVjdGFwcC01YWRjZC91cy1jZW50cmFsMS9oZWxsb1dvcmxkL211aFkzV0JMZ1k4  
 
[debug] [2019-03-21T04:45:33.042Z] <<< HTTP RESPONSE 200
[debug] [2019-03-21T04:45:35.043Z] >>> HTTP REQUEST GET https://cloudfunctions.googleapis.com/v1/operations/cHJvamVjdGFwcC01YWRjZC91cy1jZW50cmFsMS9oZWxsb1dvcmxkL211aFkzV0JMZ1k4  
 
[debug] [2019-03-21T04:45:35.376Z] <<< HTTP RESPONSE 200
[debug] [2019-03-21T04:45:37.377Z] >>> HTTP REQUEST GET https://cloudfunctions.googleapis.com/v1/operations/cHJvamVjdGFwcC01YWRjZC91cy1jZW50cmFsMS9oZWxsb1dvcmxkL211aFkzV0JMZ1k4  
 
[debug] [2019-03-21T04:45:37.699Z] <<< HTTP RESPONSE 200
[debug] [2019-03-21T04:45:39.701Z] >>> HTTP REQUEST GET https://cloudfunctions.googleapis.com/v1/operations/cHJvamVjdGFwcC01YWRjZC91cy1jZW50cmFsMS9oZWxsb1dvcmxkL211aFkzV0JMZ1k4  
 
[debug] [2019-03-21T04:45:40.035Z] <<< HTTP RESPONSE 200
[debug] [2019-03-21T04:45:42.036Z] >>> HTTP REQUEST GET https://cloudfunctions.googleapis.com/v1/operations/cHJvamVjdGFwcC01YWRjZC91cy1jZW50cmFsMS9oZWxsb1dvcmxkL211aFkzV0JMZ1k4  
 
[debug] [2019-03-21T04:45:42.370Z] <<< HTTP RESPONSE 200
[debug] [2019-03-21T04:45:44.371Z] >>> HTTP REQUEST GET https://cloudfunctions.googleapis.com/v1/operations/cHJvamVjdGFwcC01YWRjZC91cy1jZW50cmFsMS9oZWxsb1dvcmxkL211aFkzV0JMZ1k4  
 
[debug] [2019-03-21T04:45:44.769Z] <<< HTTP RESPONSE 200
[debug] [2019-03-21T04:45:46.771Z] >>> HTTP REQUEST GET https://cloudfunctions.googleapis.com/v1/operations/cHJvamVjdGFwcC01YWRjZC91cy1jZW50cmFsMS9oZWxsb1dvcmxkL211aFkzV0JMZ1k4  
 
[debug] [2019-03-21T04:45:47.114Z] <<< HTTP RESPONSE 200
[debug] [2019-03-21T04:45:49.115Z] >>> HTTP REQUEST GET https://cloudfunctions.googleapis.com/v1/operations/cHJvamVjdGFwcC01YWRjZC91cy1jZW50cmFsMS9oZWxsb1dvcmxkL211aFkzV0JMZ1k4  
 
[debug] [2019-03-21T04:45:50.141Z] <<< HTTP RESPONSE 200
[debug] [2019-03-21T04:45:52.142Z] >>> HTTP REQUEST GET https://cloudfunctions.googleapis.com/v1/operations/cHJvamVjdGFwcC01YWRjZC91cy1jZW50cmFsMS9oZWxsb1dvcmxkL211aFkzV0JMZ1k4  
 
[debug] [2019-03-21T04:45:52.485Z] <<< HTTP RESPONSE 200
[debug] [2019-03-21T04:45:54.486Z] >>> HTTP REQUEST GET https://cloudfunctions.googleapis.com/v1/operations/cHJvamVjdGFwcC01YWRjZC91cy1jZW50cmFsMS9oZWxsb1dvcmxkL211aFkzV0JMZ1k4  
 
[debug] [2019-03-21T04:45:54.797Z] <<< HTTP RESPONSE 200
[debug] [2019-03-21T04:45:56.799Z] >>> HTTP REQUEST GET https://cloudfunctions.googleapis.com/v1/operations/cHJvamVjdGFwcC01YWRjZC91cy1jZW50cmFsMS9oZWxsb1dvcmxkL211aFkzV0JMZ1k4  
 
[debug] [2019-03-21T04:45:58.020Z] <<< HTTP RESPONSE 200
[debug] [2019-03-21T04:46:00.022Z] >>> HTTP REQUEST GET https://cloudfunctions.googleapis.com/v1/operations/cHJvamVjdGFwcC01YWRjZC91cy1jZW50cmFsMS9oZWxsb1dvcmxkL211aFkzV0JMZ1k4  
 
[debug] [2019-03-21T04:46:00.371Z] <<< HTTP RESPONSE 200
[debug] [2019-03-21T04:46:02.372Z] >>> HTTP REQUEST GET https://cloudfunctions.googleapis.com/v1/operations/cHJvamVjdGFwcC01YWRjZC91cy1jZW50cmFsMS9oZWxsb1dvcmxkL211aFkzV0JMZ1k4  
 
[debug] [2019-03-21T04:46:02.719Z] <<< HTTP RESPONSE 200
[debug] [2019-03-21T04:46:04.720Z] >>> HTTP REQUEST GET https://cloudfunctions.googleapis.com/v1/operations/cHJvamVjdGFwcC01YWRjZC91cy1jZW50cmFsMS9oZWxsb1dvcmxkL211aFkzV0JMZ1k4  
 
[debug] [2019-03-21T04:46:05.072Z] <<< HTTP RESPONSE 200
